/home/hyeeun/github_project/Freshman_repo/ros2_nmea/src/my_ros2nmea/install/my_ros2nmea/lib/python3.8/site-packages/my_ros2nmea/sub.py
/home/hyeeun/github_project/Freshman_repo/ros2_nmea/src/my_ros2nmea/install/my_ros2nmea/lib/python3.8/site-packages/my_ros2nmea/__init__.py
/home/hyeeun/github_project/Freshman_repo/ros2_nmea/src/my_ros2nmea/install/my_ros2nmea/lib/python3.8/site-packages/my_ros2nmea/pub.py
/home/hyeeun/github_project/Freshman_repo/ros2_nmea/src/my_ros2nmea/install/my_ros2nmea/lib/python3.8/site-packages/my_ros2nmea/sub2.py
/home/hyeeun/github_project/Freshman_repo/ros2_nmea/src/my_ros2nmea/install/my_ros2nmea/lib/python3.8/site-packages/my_ros2nmea/__pycache__/sub.cpython-38.pyc
/home/hyeeun/github_project/Freshman_repo/ros2_nmea/src/my_ros2nmea/install/my_ros2nmea/lib/python3.8/site-packages/my_ros2nmea/__pycache__/__init__.cpython-38.pyc
/home/hyeeun/github_project/Freshman_repo/ros2_nmea/src/my_ros2nmea/install/my_ros2nmea/lib/python3.8/site-packages/my_ros2nmea/__pycache__/pub.cpython-38.pyc
/home/hyeeun/github_project/Freshman_repo/ros2_nmea/src/my_ros2nmea/install/my_ros2nmea/lib/python3.8/site-packages/my_ros2nmea/__pycache__/sub2.cpython-38.pyc
/home/hyeeun/github_project/Freshman_repo/ros2_nmea/src/my_ros2nmea/install/my_ros2nmea/share/ament_index/resource_index/packages/my_ros2nmea
/home/hyeeun/github_project/Freshman_repo/ros2_nmea/src/my_ros2nmea/install/my_ros2nmea/share/my_ros2nmea/package.xml
/home/hyeeun/github_project/Freshman_repo/ros2_nmea/src/my_ros2nmea/install/my_ros2nmea/lib/python3.8/site-packages/my_ros2nmea-0.0.0-py3.8.egg-info/SOURCES.txt
/home/hyeeun/github_project/Freshman_repo/ros2_nmea/src/my_ros2nmea/install/my_ros2nmea/lib/python3.8/site-packages/my_ros2nmea-0.0.0-py3.8.egg-info/top_level.txt
/home/hyeeun/github_project/Freshman_repo/ros2_nmea/src/my_ros2nmea/install/my_ros2nmea/lib/python3.8/site-packages/my_ros2nmea-0.0.0-py3.8.egg-info/dependency_links.txt
/home/hyeeun/github_project/Freshman_repo/ros2_nmea/src/my_ros2nmea/install/my_ros2nmea/lib/python3.8/site-packages/my_ros2nmea-0.0.0-py3.8.egg-info/PKG-INFO
/home/hyeeun/github_project/Freshman_repo/ros2_nmea/src/my_ros2nmea/install/my_ros2nmea/lib/python3.8/site-packages/my_ros2nmea-0.0.0-py3.8.egg-info/entry_points.txt
/home/hyeeun/github_project/Freshman_repo/ros2_nmea/src/my_ros2nmea/install/my_ros2nmea/lib/python3.8/site-packages/my_ros2nmea-0.0.0-py3.8.egg-info/requires.txt
/home/hyeeun/github_project/Freshman_repo/ros2_nmea/src/my_ros2nmea/install/my_ros2nmea/lib/python3.8/site-packages/my_ros2nmea-0.0.0-py3.8.egg-info/zip-safe
/home/hyeeun/github_project/Freshman_repo/ros2_nmea/src/my_ros2nmea/install/my_ros2nmea/lib/my_ros2nmea/pub
/home/hyeeun/github_project/Freshman_repo/ros2_nmea/src/my_ros2nmea/install/my_ros2nmea/lib/my_ros2nmea/sub
/home/hyeeun/github_project/Freshman_repo/ros2_nmea/src/my_ros2nmea/install/my_ros2nmea/lib/my_ros2nmea/sub2
