[1.044s] Invoking command in '/home/hyeeun/github_project/Freshman_repo/ros2_nmea/src/my_ros2nmea': PYTHONPATH=/home/hyeeun/github_project/Freshman_repo/ros2_nmea/build/my_ros2nmea/prefix_override:/home/hyeeun/github_project/Freshman_repo/ros2_nmea/install/my_ros2nmea/lib/python3.8/site-packages:${PYTHONPATH} /usr/bin/python3 setup.py egg_info --egg-base ../../build/my_ros2nmea build --build-base /home/hyeeun/github_project/Freshman_repo/ros2_nmea/build/my_ros2nmea/build install --record /home/hyeeun/github_project/Freshman_repo/ros2_nmea/build/my_ros2nmea/install.log --install-scripts $base/lib/my_ros2nmea --single-version-externally-managed
[1.243s] running egg_info
[1.244s] writing ../../build/my_ros2nmea/my_ros2nmea.egg-info/PKG-INFO
[1.244s] writing dependency_links to ../../build/my_ros2nmea/my_ros2nmea.egg-info/dependency_links.txt
[1.244s] writing entry points to ../../build/my_ros2nmea/my_ros2nmea.egg-info/entry_points.txt
[1.244s] writing requirements to ../../build/my_ros2nmea/my_ros2nmea.egg-info/requires.txt
[1.244s] writing top-level names to ../../build/my_ros2nmea/my_ros2nmea.egg-info/top_level.txt
[1.274s] reading manifest file '../../build/my_ros2nmea/my_ros2nmea.egg-info/SOURCES.txt'
[1.275s] writing manifest file '../../build/my_ros2nmea/my_ros2nmea.egg-info/SOURCES.txt'
[1.275s] running build
[1.275s] running build_py
[1.275s] copying my_ros2nmea/pub.py -> /home/hyeeun/github_project/Freshman_repo/ros2_nmea/build/my_ros2nmea/build/lib/my_ros2nmea
[1.275s] running install
[1.276s] running install_lib
[1.277s] copying /home/hyeeun/github_project/Freshman_repo/ros2_nmea/build/my_ros2nmea/build/lib/my_ros2nmea/pub.py -> /home/hyeeun/github_project/Freshman_repo/ros2_nmea/install/my_ros2nmea/lib/python3.8/site-packages/my_ros2nmea
[1.277s] byte-compiling /home/hyeeun/github_project/Freshman_repo/ros2_nmea/install/my_ros2nmea/lib/python3.8/site-packages/my_ros2nmea/pub.py to pub.cpython-38.pyc
[1.279s] running install_data
[1.279s] running install_egg_info
[1.280s] removing '/home/hyeeun/github_project/Freshman_repo/ros2_nmea/install/my_ros2nmea/lib/python3.8/site-packages/my_ros2nmea-0.0.0-py3.8.egg-info' (and everything under it)
[1.280s] Copying ../../build/my_ros2nmea/my_ros2nmea.egg-info to /home/hyeeun/github_project/Freshman_repo/ros2_nmea/install/my_ros2nmea/lib/python3.8/site-packages/my_ros2nmea-0.0.0-py3.8.egg-info
[1.281s] running install_scripts
[1.296s] Installing pub script to /home/hyeeun/github_project/Freshman_repo/ros2_nmea/install/my_ros2nmea/lib/my_ros2nmea
[1.296s] Installing sub script to /home/hyeeun/github_project/Freshman_repo/ros2_nmea/install/my_ros2nmea/lib/my_ros2nmea
[1.296s] Installing sub2 script to /home/hyeeun/github_project/Freshman_repo/ros2_nmea/install/my_ros2nmea/lib/my_ros2nmea
[1.296s] writing list of installed files to '/home/hyeeun/github_project/Freshman_repo/ros2_nmea/build/my_ros2nmea/install.log'
[1.314s] Invoked command in '/home/hyeeun/github_project/Freshman_repo/ros2_nmea/src/my_ros2nmea' returned '0': PYTHONPATH=/home/hyeeun/github_project/Freshman_repo/ros2_nmea/build/my_ros2nmea/prefix_override:/home/hyeeun/github_project/Freshman_repo/ros2_nmea/install/my_ros2nmea/lib/python3.8/site-packages:${PYTHONPATH} /usr/bin/python3 setup.py egg_info --egg-base ../../build/my_ros2nmea build --build-base /home/hyeeun/github_project/Freshman_repo/ros2_nmea/build/my_ros2nmea/build install --record /home/hyeeun/github_project/Freshman_repo/ros2_nmea/build/my_ros2nmea/install.log --install-scripts $base/lib/my_ros2nmea --single-version-externally-managed
