[0.903s] Invoking command in '/home/hyeeun/ros2_nmea/src/my_ros2nmea': PYTHONPATH=/home/hyeeun/ros2_nmea/build/my_ros2nmea/prefix_override:/home/hyeeun/ros2_nmea/install/my_ros2nmea/lib/python3.8/site-packages:${PYTHONPATH} /usr/bin/python3 setup.py egg_info --egg-base ../../build/my_ros2nmea build --build-base /home/hyeeun/ros2_nmea/build/my_ros2nmea/build install --record /home/hyeeun/ros2_nmea/build/my_ros2nmea/install.log --install-scripts $base/lib/my_ros2nmea --single-version-externally-managed
[1.094s] running egg_info
[1.095s] writing ../../build/my_ros2nmea/my_ros2nmea.egg-info/PKG-INFO
[1.095s] writing dependency_links to ../../build/my_ros2nmea/my_ros2nmea.egg-info/dependency_links.txt
[1.095s] writing entry points to ../../build/my_ros2nmea/my_ros2nmea.egg-info/entry_points.txt
[1.095s] writing requirements to ../../build/my_ros2nmea/my_ros2nmea.egg-info/requires.txt
[1.095s] writing top-level names to ../../build/my_ros2nmea/my_ros2nmea.egg-info/top_level.txt
[1.125s] package init file 'my_ros2nmea/__init__.py' not found (or not a regular file)
[1.125s] reading manifest file '../../build/my_ros2nmea/my_ros2nmea.egg-info/SOURCES.txt'
[1.126s] writing manifest file '../../build/my_ros2nmea/my_ros2nmea.egg-info/SOURCES.txt'
[1.126s] running build
[1.126s] running build_py
[1.126s] running install
[1.127s] running install_lib
[1.128s] running install_data
[1.128s] running install_egg_info
[1.129s] removing '/home/hyeeun/ros2_nmea/install/my_ros2nmea/lib/python3.8/site-packages/my_ros2nmea-0.0.0-py3.8.egg-info' (and everything under it)
[1.130s] Copying ../../build/my_ros2nmea/my_ros2nmea.egg-info to /home/hyeeun/ros2_nmea/install/my_ros2nmea/lib/python3.8/site-packages/my_ros2nmea-0.0.0-py3.8.egg-info
[1.130s] running install_scripts
[1.145s] Installing pub script to /home/hyeeun/ros2_nmea/install/my_ros2nmea/lib/my_ros2nmea
[1.145s] Installing sub script to /home/hyeeun/ros2_nmea/install/my_ros2nmea/lib/my_ros2nmea
[1.145s] writing list of installed files to '/home/hyeeun/ros2_nmea/build/my_ros2nmea/install.log'
[1.162s] Invoked command in '/home/hyeeun/ros2_nmea/src/my_ros2nmea' returned '0': PYTHONPATH=/home/hyeeun/ros2_nmea/build/my_ros2nmea/prefix_override:/home/hyeeun/ros2_nmea/install/my_ros2nmea/lib/python3.8/site-packages:${PYTHONPATH} /usr/bin/python3 setup.py egg_info --egg-base ../../build/my_ros2nmea build --build-base /home/hyeeun/ros2_nmea/build/my_ros2nmea/build install --record /home/hyeeun/ros2_nmea/build/my_ros2nmea/install.log --install-scripts $base/lib/my_ros2nmea --single-version-externally-managed
