[2.457s] DEBUG:colcon:Command line arguments: ['/usr/bin/colcon', 'build']
[2.457s] DEBUG:colcon:Parsed command line arguments: Namespace(allow_overriding=[], ament_cmake_args=None, base_paths=['.'], build_base='build', catkin_cmake_args=None, catkin_skip_building_tests=False, cmake_args=None, cmake_clean_cache=False, cmake_clean_first=False, cmake_force_configure=False, cmake_target=None, cmake_target_skip_unavailable=False, continue_on_error=False, event_handlers=None, executor='parallel', ignore_user_meta=False, install_base='install', log_base=None, log_level=None, main=<bound method BuildVerb.main of <colcon_core.verb.build.BuildVerb object at 0x7f79a225e7c0>>, merge_install=False, metas=['./colcon.meta'], packages_above=None, packages_above_and_dependencies=None, packages_above_depth=None, packages_end=None, packages_ignore=None, packages_ignore_regex=None, packages_select=None, packages_select_build_failed=False, packages_select_by_dep=None, packages_select_regex=None, packages_select_test_failures=False, packages_skip=None, packages_skip_build_finished=False, packages_skip_by_dep=None, packages_skip_regex=None, packages_skip_test_passed=False, packages_skip_up_to=None, packages_start=None, packages_up_to=None, packages_up_to_regex=None, parallel_workers=6, paths=None, symlink_install=False, test_result_base=None, verb_extension=<colcon_core.verb.build.BuildVerb object at 0x7f79a225e7c0>, verb_name='build', verb_parser=<colcon_defaults.argument_parser.defaults.DefaultArgumentsDecorator object at 0x7f79a2211f10>)
[2.752s] Level 1:colcon.colcon_core.package_discovery:discover_packages(colcon_meta) check parameters
[2.752s] Level 1:colcon.colcon_core.package_discovery:discover_packages(recursive) check parameters
[2.752s] Level 1:colcon.colcon_core.package_discovery:discover_packages(ignore) check parameters
[2.752s] Level 1:colcon.colcon_core.package_discovery:discover_packages(path) check parameters
[2.752s] Level 1:colcon.colcon_core.package_discovery:discover_packages(colcon_meta) discover
[2.752s] Level 1:colcon.colcon_core.package_discovery:discover_packages(recursive) discover
[2.752s] INFO:colcon.colcon_core.package_discovery:Crawling recursively for packages in '/home/hyeeun/github_project/Freshman_repo/ros2_nmea'
[2.752s] Level 1:colcon.colcon_core.package_identification:_identify(.) by extensions ['ignore', 'ignore_ament_install']
[2.752s] Level 1:colcon.colcon_core.package_identification:_identify(.) by extension 'ignore'
[2.752s] Level 1:colcon.colcon_core.package_identification:_identify(.) by extension 'ignore_ament_install'
[2.752s] Level 1:colcon.colcon_core.package_identification:_identify(.) by extensions ['colcon_pkg']
[2.753s] Level 1:colcon.colcon_core.package_identification:_identify(.) by extension 'colcon_pkg'
[2.753s] Level 1:colcon.colcon_core.package_identification:_identify(.) by extensions ['colcon_meta']
[2.753s] Level 1:colcon.colcon_core.package_identification:_identify(.) by extension 'colcon_meta'
[2.753s] Level 1:colcon.colcon_core.package_identification:_identify(.) by extensions ['ros']
[2.753s] Level 1:colcon.colcon_core.package_identification:_identify(.) by extension 'ros'
[2.782s] Level 1:colcon.colcon_core.package_identification:_identify(.) by extensions ['cmake', 'python']
[2.782s] Level 1:colcon.colcon_core.package_identification:_identify(.) by extension 'cmake'
[2.782s] Level 1:colcon.colcon_core.package_identification:_identify(.) by extension 'python'
[2.782s] Level 1:colcon.colcon_core.package_identification:_identify(.) by extensions ['python_setup_py']
[2.782s] Level 1:colcon.colcon_core.package_identification:_identify(.) by extension 'python_setup_py'
[2.782s] Level 1:colcon.colcon_core.package_identification:_identify(build) by extensions ['ignore', 'ignore_ament_install']
[2.782s] Level 1:colcon.colcon_core.package_identification:_identify(build) by extension 'ignore'
[2.782s] Level 1:colcon.colcon_core.package_identification:_identify(build) ignored
[2.782s] Level 1:colcon.colcon_core.package_identification:_identify(install) by extensions ['ignore', 'ignore_ament_install']
[2.782s] Level 1:colcon.colcon_core.package_identification:_identify(install) by extension 'ignore'
[2.782s] Level 1:colcon.colcon_core.package_identification:_identify(install) ignored
[2.782s] Level 1:colcon.colcon_core.package_identification:_identify(log) by extensions ['ignore', 'ignore_ament_install']
[2.783s] Level 1:colcon.colcon_core.package_identification:_identify(log) by extension 'ignore'
[2.783s] Level 1:colcon.colcon_core.package_identification:_identify(log) ignored
[2.783s] Level 1:colcon.colcon_core.package_identification:_identify(src) by extensions ['ignore', 'ignore_ament_install']
[2.783s] Level 1:colcon.colcon_core.package_identification:_identify(src) by extension 'ignore'
[2.783s] Level 1:colcon.colcon_core.package_identification:_identify(src) by extension 'ignore_ament_install'
[2.783s] Level 1:colcon.colcon_core.package_identification:_identify(src) by extensions ['colcon_pkg']
[2.783s] Level 1:colcon.colcon_core.package_identification:_identify(src) by extension 'colcon_pkg'
[2.783s] Level 1:colcon.colcon_core.package_identification:_identify(src) by extensions ['colcon_meta']
[2.783s] Level 1:colcon.colcon_core.package_identification:_identify(src) by extension 'colcon_meta'
[2.783s] Level 1:colcon.colcon_core.package_identification:_identify(src) by extensions ['ros']
[2.783s] Level 1:colcon.colcon_core.package_identification:_identify(src) by extension 'ros'
[2.783s] Level 1:colcon.colcon_core.package_identification:_identify(src) by extensions ['cmake', 'python']
[2.783s] Level 1:colcon.colcon_core.package_identification:_identify(src) by extension 'cmake'
[2.783s] Level 1:colcon.colcon_core.package_identification:_identify(src) by extension 'python'
[2.783s] Level 1:colcon.colcon_core.package_identification:_identify(src) by extensions ['python_setup_py']
[2.783s] Level 1:colcon.colcon_core.package_identification:_identify(src) by extension 'python_setup_py'
[2.783s] Level 1:colcon.colcon_core.package_identification:_identify(src/my_ros2nmea) by extensions ['ignore', 'ignore_ament_install']
[2.783s] Level 1:colcon.colcon_core.package_identification:_identify(src/my_ros2nmea) by extension 'ignore'
[2.783s] Level 1:colcon.colcon_core.package_identification:_identify(src/my_ros2nmea) by extension 'ignore_ament_install'
[2.784s] Level 1:colcon.colcon_core.package_identification:_identify(src/my_ros2nmea) by extensions ['colcon_pkg']
[2.784s] Level 1:colcon.colcon_core.package_identification:_identify(src/my_ros2nmea) by extension 'colcon_pkg'
[2.784s] Level 1:colcon.colcon_core.package_identification:_identify(src/my_ros2nmea) by extensions ['colcon_meta']
[2.784s] Level 1:colcon.colcon_core.package_identification:_identify(src/my_ros2nmea) by extension 'colcon_meta'
[2.784s] Level 1:colcon.colcon_core.package_identification:_identify(src/my_ros2nmea) by extensions ['ros']
[2.784s] Level 1:colcon.colcon_core.package_identification:_identify(src/my_ros2nmea) by extension 'ros'
[2.799s] DEBUG:colcon.colcon_core.package_identification:Package 'src/my_ros2nmea' with type 'ros.ament_python' and name 'my_ros2nmea'
[2.799s] Level 1:colcon.colcon_core.package_discovery:discover_packages(recursive) using defaults
[2.799s] Level 1:colcon.colcon_core.package_discovery:discover_packages(ignore) discover
[2.799s] Level 1:colcon.colcon_core.package_discovery:discover_packages(ignore) using defaults
[2.799s] Level 1:colcon.colcon_core.package_discovery:discover_packages(path) discover
[2.799s] Level 1:colcon.colcon_core.package_discovery:discover_packages(path) using defaults
[3.055s] Level 1:colcon.colcon_core.package_discovery:discover_packages(prefix_path) check parameters
[3.055s] Level 1:colcon.colcon_core.package_discovery:discover_packages(prefix_path) discover
[3.146s] DEBUG:colcon.colcon_installed_package_information.package_discovery:Found 1 installed packages in /home/hyeeun/robot_ws/install
[3.186s] DEBUG:colcon.colcon_installed_package_information.package_discovery:Found 265 installed packages in /opt/ros/foxy
[3.194s] Level 1:colcon.colcon_core.package_discovery:discover_packages(prefix_path) using defaults
[3.704s] Level 5:colcon.colcon_core.verb:set package 'my_ros2nmea' build argument 'cmake_args' from command line to 'None'
[3.704s] Level 5:colcon.colcon_core.verb:set package 'my_ros2nmea' build argument 'cmake_target' from command line to 'None'
[3.704s] Level 5:colcon.colcon_core.verb:set package 'my_ros2nmea' build argument 'cmake_target_skip_unavailable' from command line to 'False'
[3.704s] Level 5:colcon.colcon_core.verb:set package 'my_ros2nmea' build argument 'cmake_clean_cache' from command line to 'False'
[3.704s] Level 5:colcon.colcon_core.verb:set package 'my_ros2nmea' build argument 'cmake_clean_first' from command line to 'False'
[3.704s] Level 5:colcon.colcon_core.verb:set package 'my_ros2nmea' build argument 'cmake_force_configure' from command line to 'False'
[3.704s] Level 5:colcon.colcon_core.verb:set package 'my_ros2nmea' build argument 'ament_cmake_args' from command line to 'None'
[3.704s] Level 5:colcon.colcon_core.verb:set package 'my_ros2nmea' build argument 'catkin_cmake_args' from command line to 'None'
[3.704s] Level 5:colcon.colcon_core.verb:set package 'my_ros2nmea' build argument 'catkin_skip_building_tests' from command line to 'False'
[3.704s] DEBUG:colcon.colcon_core.verb:Building package 'my_ros2nmea' with the following arguments: {'ament_cmake_args': None, 'build_base': '/home/hyeeun/github_project/Freshman_repo/ros2_nmea/build/my_ros2nmea', 'catkin_cmake_args': None, 'catkin_skip_building_tests': False, 'cmake_args': None, 'cmake_clean_cache': False, 'cmake_clean_first': False, 'cmake_force_configure': False, 'cmake_target': None, 'cmake_target_skip_unavailable': False, 'install_base': '/home/hyeeun/github_project/Freshman_repo/ros2_nmea/install/my_ros2nmea', 'merge_install': False, 'path': '/home/hyeeun/github_project/Freshman_repo/ros2_nmea/src/my_ros2nmea', 'symlink_install': False, 'test_result_base': None}
[3.743s] INFO:colcon.colcon_core.executor:Executing jobs using 'parallel' executor
[3.782s] DEBUG:colcon.colcon_parallel_executor.executor.parallel:run_until_complete
[3.782s] INFO:colcon.colcon_ros.task.ament_python.build:Building ROS package in '/home/hyeeun/github_project/Freshman_repo/ros2_nmea/src/my_ros2nmea' with build type 'ament_python'
[3.782s] Level 1:colcon.colcon_core.shell:create_environment_hook('my_ros2nmea', 'ament_prefix_path')
[3.832s] INFO:colcon.colcon_core.plugin_system:Skipping extension 'colcon_core.shell.bat': Not used on non-Windows systems
[3.832s] INFO:colcon.colcon_core.shell:Creating environment hook '/home/hyeeun/github_project/Freshman_repo/ros2_nmea/install/my_ros2nmea/share/my_ros2nmea/hook/ament_prefix_path.ps1'
[3.840s] INFO:colcon.colcon_core.shell:Creating environment descriptor '/home/hyeeun/github_project/Freshman_repo/ros2_nmea/install/my_ros2nmea/share/my_ros2nmea/hook/ament_prefix_path.dsv'
[3.848s] INFO:colcon.colcon_core.shell:Creating environment hook '/home/hyeeun/github_project/Freshman_repo/ros2_nmea/install/my_ros2nmea/share/my_ros2nmea/hook/ament_prefix_path.sh'
[3.888s] INFO:colcon.colcon_core.shell:Skip shell extension 'powershell' for command environment: Not usable outside of PowerShell
[3.888s] DEBUG:colcon.colcon_core.shell:Skip shell extension 'dsv' for command environment
[4.252s] INFO:colcon.colcon_core.task.python.build:Building Python package in '/home/hyeeun/github_project/Freshman_repo/ros2_nmea/src/my_ros2nmea'
[4.293s] INFO:colcon.colcon_core.shell:Skip shell extension 'powershell' for command environment: Not usable outside of PowerShell
[4.293s] DEBUG:colcon.colcon_core.shell:Skip shell extension 'dsv' for command environment
[5.197s] DEBUG:colcon.colcon_core.event_handler.log_command:Invoking command in '/home/hyeeun/github_project/Freshman_repo/ros2_nmea/src/my_ros2nmea': PYTHONPATH=/home/hyeeun/github_project/Freshman_repo/ros2_nmea/build/my_ros2nmea/prefix_override:/home/hyeeun/github_project/Freshman_repo/ros2_nmea/install/my_ros2nmea/lib/python3.8/site-packages:${PYTHONPATH} /usr/bin/python3 setup.py egg_info --egg-base ../../build/my_ros2nmea build --build-base /home/hyeeun/github_project/Freshman_repo/ros2_nmea/build/my_ros2nmea/build install --record /home/hyeeun/github_project/Freshman_repo/ros2_nmea/build/my_ros2nmea/install.log --install-scripts $base/lib/my_ros2nmea --single-version-externally-managed
[5.481s] DEBUG:colcon.colcon_core.event_handler.log_command:Invoked command in '/home/hyeeun/github_project/Freshman_repo/ros2_nmea/src/my_ros2nmea' returned '0': PYTHONPATH=/home/hyeeun/github_project/Freshman_repo/ros2_nmea/build/my_ros2nmea/prefix_override:/home/hyeeun/github_project/Freshman_repo/ros2_nmea/install/my_ros2nmea/lib/python3.8/site-packages:${PYTHONPATH} /usr/bin/python3 setup.py egg_info --egg-base ../../build/my_ros2nmea build --build-base /home/hyeeun/github_project/Freshman_repo/ros2_nmea/build/my_ros2nmea/build install --record /home/hyeeun/github_project/Freshman_repo/ros2_nmea/build/my_ros2nmea/install.log --install-scripts $base/lib/my_ros2nmea --single-version-externally-managed
[5.575s] Level 1:colcon.colcon_core.environment:checking '/home/hyeeun/github_project/Freshman_repo/ros2_nmea/install/my_ros2nmea' for CMake module files
[5.576s] Level 1:colcon.colcon_core.environment:checking '/home/hyeeun/github_project/Freshman_repo/ros2_nmea/install/my_ros2nmea' for CMake config files
[5.576s] Level 1:colcon.colcon_core.environment:checking '/home/hyeeun/github_project/Freshman_repo/ros2_nmea/install/my_ros2nmea/lib'
[5.577s] Level 1:colcon.colcon_core.environment:checking '/home/hyeeun/github_project/Freshman_repo/ros2_nmea/install/my_ros2nmea/bin'
[5.577s] Level 1:colcon.colcon_core.environment:checking '/home/hyeeun/github_project/Freshman_repo/ros2_nmea/install/my_ros2nmea/lib/pkgconfig/my_ros2nmea.pc'
[5.577s] Level 1:colcon.colcon_core.environment:checking '/home/hyeeun/github_project/Freshman_repo/ros2_nmea/install/my_ros2nmea/lib/python3.8/site-packages'
[5.577s] Level 1:colcon.colcon_core.shell:create_environment_hook('my_ros2nmea', 'pythonpath')
[5.619s] INFO:colcon.colcon_core.shell:Creating environment hook '/home/hyeeun/github_project/Freshman_repo/ros2_nmea/install/my_ros2nmea/share/my_ros2nmea/hook/pythonpath.ps1'
[5.620s] INFO:colcon.colcon_core.shell:Creating environment descriptor '/home/hyeeun/github_project/Freshman_repo/ros2_nmea/install/my_ros2nmea/share/my_ros2nmea/hook/pythonpath.dsv'
[5.620s] INFO:colcon.colcon_core.shell:Creating environment hook '/home/hyeeun/github_project/Freshman_repo/ros2_nmea/install/my_ros2nmea/share/my_ros2nmea/hook/pythonpath.sh'
[5.620s] Level 1:colcon.colcon_core.environment:checking '/home/hyeeun/github_project/Freshman_repo/ros2_nmea/install/my_ros2nmea/bin'
[5.620s] Level 1:colcon.colcon_core.environment:create_environment_scripts_only(my_ros2nmea)
[5.662s] INFO:colcon.colcon_core.shell:Creating package script '/home/hyeeun/github_project/Freshman_repo/ros2_nmea/install/my_ros2nmea/share/my_ros2nmea/package.ps1'
[5.674s] INFO:colcon.colcon_core.shell:Creating package descriptor '/home/hyeeun/github_project/Freshman_repo/ros2_nmea/install/my_ros2nmea/share/my_ros2nmea/package.dsv'
[5.681s] INFO:colcon.colcon_core.shell:Creating package script '/home/hyeeun/github_project/Freshman_repo/ros2_nmea/install/my_ros2nmea/share/my_ros2nmea/package.sh'
[5.682s] INFO:colcon.colcon_core.shell:Creating package script '/home/hyeeun/github_project/Freshman_repo/ros2_nmea/install/my_ros2nmea/share/my_ros2nmea/package.bash'
[5.692s] INFO:colcon.colcon_core.shell:Creating package script '/home/hyeeun/github_project/Freshman_repo/ros2_nmea/install/my_ros2nmea/share/my_ros2nmea/package.zsh'
[5.699s] Level 1:colcon.colcon_core.environment:create_file_with_runtime_dependencies(/home/hyeeun/github_project/Freshman_repo/ros2_nmea/install/my_ros2nmea/share/colcon-core/packages/my_ros2nmea)
[5.699s] DEBUG:colcon.colcon_parallel_executor.executor.parallel:closing loop
[5.699s] DEBUG:colcon.colcon_parallel_executor.executor.parallel:loop closed
[5.699s] DEBUG:colcon.colcon_parallel_executor.executor.parallel:run_until_complete finished with '0'
[5.700s] DEBUG:colcon.colcon_core.event_reactor:joining thread
[5.746s] INFO:colcon.colcon_core.plugin_system:Skipping extension 'colcon_notification.desktop_notification.terminal_notifier': Not used on non-Darwin systems
[5.746s] INFO:colcon.colcon_core.plugin_system:Skipping extension 'colcon_notification.desktop_notification.win32': Not used on non-Windows systems
[5.746s] INFO:colcon.colcon_notification.desktop_notification:Sending desktop notification using 'notify2'
[5.759s] DEBUG:colcon.colcon_core.event_reactor:joined thread
[5.800s] INFO:colcon.colcon_core.shell:Creating prefix script '/home/hyeeun/github_project/Freshman_repo/ros2_nmea/install/local_setup.ps1'
[5.801s] INFO:colcon.colcon_core.shell:Creating prefix util module '/home/hyeeun/github_project/Freshman_repo/ros2_nmea/install/_local_setup_util_ps1.py'
[5.802s] INFO:colcon.colcon_core.shell:Creating prefix chain script '/home/hyeeun/github_project/Freshman_repo/ros2_nmea/install/setup.ps1'
[5.843s] INFO:colcon.colcon_core.shell:Creating prefix script '/home/hyeeun/github_project/Freshman_repo/ros2_nmea/install/local_setup.sh'
[5.844s] INFO:colcon.colcon_core.shell:Creating prefix util module '/home/hyeeun/github_project/Freshman_repo/ros2_nmea/install/_local_setup_util_sh.py'
[5.844s] INFO:colcon.colcon_core.shell:Creating prefix chain script '/home/hyeeun/github_project/Freshman_repo/ros2_nmea/install/setup.sh'
[5.886s] INFO:colcon.colcon_core.shell:Creating prefix script '/home/hyeeun/github_project/Freshman_repo/ros2_nmea/install/local_setup.bash'
[5.887s] INFO:colcon.colcon_core.shell:Creating prefix chain script '/home/hyeeun/github_project/Freshman_repo/ros2_nmea/install/setup.bash'
[5.929s] INFO:colcon.colcon_core.shell:Creating prefix script '/home/hyeeun/github_project/Freshman_repo/ros2_nmea/install/local_setup.zsh'
[5.929s] INFO:colcon.colcon_core.shell:Creating prefix chain script '/home/hyeeun/github_project/Freshman_repo/ros2_nmea/install/setup.zsh'
