[0.987s] Invoking command in '/home/hyeeun/ros2_nmea/src/my_ros2nmea': PYTHONPATH=/home/hyeeun/ros2_nmea/build/my_ros2nmea/prefix_override:/home/hyeeun/ros2_nmea/install/my_ros2nmea/lib/python3.8/site-packages:${PYTHONPATH} /usr/bin/python3 setup.py egg_info --egg-base ../../build/my_ros2nmea build --build-base /home/hyeeun/ros2_nmea/build/my_ros2nmea/build install --record /home/hyeeun/ros2_nmea/build/my_ros2nmea/install.log --install-scripts $base/lib/my_ros2nmea --single-version-externally-managed
[1.183s] running egg_info
[1.184s] writing ../../build/my_ros2nmea/my_ros2nmea.egg-info/PKG-INFO
[1.184s] writing dependency_links to ../../build/my_ros2nmea/my_ros2nmea.egg-info/dependency_links.txt
[1.184s] writing entry points to ../../build/my_ros2nmea/my_ros2nmea.egg-info/entry_points.txt
[1.184s] writing requirements to ../../build/my_ros2nmea/my_ros2nmea.egg-info/requires.txt
[1.184s] writing top-level names to ../../build/my_ros2nmea/my_ros2nmea.egg-info/top_level.txt
[1.214s] reading manifest file '../../build/my_ros2nmea/my_ros2nmea.egg-info/SOURCES.txt'
[1.215s] writing manifest file '../../build/my_ros2nmea/my_ros2nmea.egg-info/SOURCES.txt'
[1.215s] running build
[1.215s] running build_py
[1.215s] copying my_ros2nmea/sub.py -> /home/hyeeun/ros2_nmea/build/my_ros2nmea/build/lib/my_ros2nmea
[1.215s] copying my_ros2nmea/pub.py -> /home/hyeeun/ros2_nmea/build/my_ros2nmea/build/lib/my_ros2nmea
[1.216s] copying my_ros2nmea/sub2.py -> /home/hyeeun/ros2_nmea/build/my_ros2nmea/build/lib/my_ros2nmea
[1.216s] running install
[1.216s] running install_lib
[1.217s] copying /home/hyeeun/ros2_nmea/build/my_ros2nmea/build/lib/my_ros2nmea/sub.py -> /home/hyeeun/ros2_nmea/install/my_ros2nmea/lib/python3.8/site-packages/my_ros2nmea
[1.217s] copying /home/hyeeun/ros2_nmea/build/my_ros2nmea/build/lib/my_ros2nmea/pub.py -> /home/hyeeun/ros2_nmea/install/my_ros2nmea/lib/python3.8/site-packages/my_ros2nmea
[1.217s] copying /home/hyeeun/ros2_nmea/build/my_ros2nmea/build/lib/my_ros2nmea/sub2.py -> /home/hyeeun/ros2_nmea/install/my_ros2nmea/lib/python3.8/site-packages/my_ros2nmea
[1.218s] byte-compiling /home/hyeeun/ros2_nmea/install/my_ros2nmea/lib/python3.8/site-packages/my_ros2nmea/sub.py to sub.cpython-38.pyc
[1.219s] byte-compiling /home/hyeeun/ros2_nmea/install/my_ros2nmea/lib/python3.8/site-packages/my_ros2nmea/pub.py to pub.cpython-38.pyc
[1.220s] byte-compiling /home/hyeeun/ros2_nmea/install/my_ros2nmea/lib/python3.8/site-packages/my_ros2nmea/sub2.py to sub2.cpython-38.pyc
[1.220s] running install_data
[1.220s] running install_egg_info
[1.222s] removing '/home/hyeeun/ros2_nmea/install/my_ros2nmea/lib/python3.8/site-packages/my_ros2nmea-0.0.0-py3.8.egg-info' (and everything under it)
[1.222s] Copying ../../build/my_ros2nmea/my_ros2nmea.egg-info to /home/hyeeun/ros2_nmea/install/my_ros2nmea/lib/python3.8/site-packages/my_ros2nmea-0.0.0-py3.8.egg-info
[1.223s] running install_scripts
[1.237s] Installing pub script to /home/hyeeun/ros2_nmea/install/my_ros2nmea/lib/my_ros2nmea
[1.238s] Installing sub script to /home/hyeeun/ros2_nmea/install/my_ros2nmea/lib/my_ros2nmea
[1.238s] Installing sub2 script to /home/hyeeun/ros2_nmea/install/my_ros2nmea/lib/my_ros2nmea
[1.238s] writing list of installed files to '/home/hyeeun/ros2_nmea/build/my_ros2nmea/install.log'
[1.255s] Invoked command in '/home/hyeeun/ros2_nmea/src/my_ros2nmea' returned '0': PYTHONPATH=/home/hyeeun/ros2_nmea/build/my_ros2nmea/prefix_override:/home/hyeeun/ros2_nmea/install/my_ros2nmea/lib/python3.8/site-packages:${PYTHONPATH} /usr/bin/python3 setup.py egg_info --egg-base ../../build/my_ros2nmea build --build-base /home/hyeeun/ros2_nmea/build/my_ros2nmea/build install --record /home/hyeeun/ros2_nmea/build/my_ros2nmea/install.log --install-scripts $base/lib/my_ros2nmea --single-version-externally-managed
