[1.080s] Invoking command in '/home/hyeeun/github_project/Freshman_repo/ros2_nmea/src/my_ros2nmea': PYTHONPATH=/home/hyeeun/github_project/Freshman_repo/ros2_nmea/build/my_ros2nmea/prefix_override:/home/hyeeun/github_project/Freshman_repo/ros2_nmea/install/my_ros2nmea/lib/python3.8/site-packages:${PYTHONPATH} /usr/bin/python3 setup.py egg_info --egg-base ../../build/my_ros2nmea build --build-base /home/hyeeun/github_project/Freshman_repo/ros2_nmea/build/my_ros2nmea/build install --record /home/hyeeun/github_project/Freshman_repo/ros2_nmea/build/my_ros2nmea/install.log --install-scripts $base/lib/my_ros2nmea --single-version-externally-managed
[1.287s] running egg_info
[1.287s] writing ../../build/my_ros2nmea/my_ros2nmea.egg-info/PKG-INFO
[1.288s] writing dependency_links to ../../build/my_ros2nmea/my_ros2nmea.egg-info/dependency_links.txt
[1.288s] writing entry points to ../../build/my_ros2nmea/my_ros2nmea.egg-info/entry_points.txt
[1.288s] writing requirements to ../../build/my_ros2nmea/my_ros2nmea.egg-info/requires.txt
[1.288s] writing top-level names to ../../build/my_ros2nmea/my_ros2nmea.egg-info/top_level.txt
[1.318s] reading manifest file '../../build/my_ros2nmea/my_ros2nmea.egg-info/SOURCES.txt'
[1.319s] writing manifest file '../../build/my_ros2nmea/my_ros2nmea.egg-info/SOURCES.txt'
[1.319s] running build
[1.319s] running build_py
[1.319s] running install
[1.320s] running install_lib
[1.321s] running install_data
[1.321s] running install_egg_info
[1.324s] removing '/home/hyeeun/github_project/Freshman_repo/ros2_nmea/install/my_ros2nmea/lib/python3.8/site-packages/my_ros2nmea-0.0.0-py3.8.egg-info' (and everything under it)
[1.324s] Copying ../../build/my_ros2nmea/my_ros2nmea.egg-info to /home/hyeeun/github_project/Freshman_repo/ros2_nmea/install/my_ros2nmea/lib/python3.8/site-packages/my_ros2nmea-0.0.0-py3.8.egg-info
[1.324s] running install_scripts
[1.338s] Installing pub script to /home/hyeeun/github_project/Freshman_repo/ros2_nmea/install/my_ros2nmea/lib/my_ros2nmea
[1.338s] Installing sub script to /home/hyeeun/github_project/Freshman_repo/ros2_nmea/install/my_ros2nmea/lib/my_ros2nmea
[1.339s] Installing sub2 script to /home/hyeeun/github_project/Freshman_repo/ros2_nmea/install/my_ros2nmea/lib/my_ros2nmea
[1.339s] writing list of installed files to '/home/hyeeun/github_project/Freshman_repo/ros2_nmea/build/my_ros2nmea/install.log'
[1.356s] Invoked command in '/home/hyeeun/github_project/Freshman_repo/ros2_nmea/src/my_ros2nmea' returned '0': PYTHONPATH=/home/hyeeun/github_project/Freshman_repo/ros2_nmea/build/my_ros2nmea/prefix_override:/home/hyeeun/github_project/Freshman_repo/ros2_nmea/install/my_ros2nmea/lib/python3.8/site-packages:${PYTHONPATH} /usr/bin/python3 setup.py egg_info --egg-base ../../build/my_ros2nmea build --build-base /home/hyeeun/github_project/Freshman_repo/ros2_nmea/build/my_ros2nmea/build install --record /home/hyeeun/github_project/Freshman_repo/ros2_nmea/build/my_ros2nmea/install.log --install-scripts $base/lib/my_ros2nmea --single-version-externally-managed
