[2.207s] DEBUG:colcon:Command line arguments: ['/usr/bin/colcon', 'build', '--symlink-install', '--packages-select', 'my_ros2nmea']
[2.207s] DEBUG:colcon:Parsed command line arguments: Namespace(allow_overriding=[], ament_cmake_args=None, base_paths=['.'], build_base='build', catkin_cmake_args=None, catkin_skip_building_tests=False, cmake_args=None, cmake_clean_cache=False, cmake_clean_first=False, cmake_force_configure=False, cmake_target=None, cmake_target_skip_unavailable=False, continue_on_error=False, event_handlers=None, executor='parallel', ignore_user_meta=False, install_base='install', log_base=None, log_level=None, main=<bound method BuildVerb.main of <colcon_core.verb.build.BuildVerb object at 0x7f94256413a0>>, merge_install=False, metas=['./colcon.meta'], packages_above=None, packages_above_and_dependencies=None, packages_above_depth=None, packages_end=None, packages_ignore=None, packages_ignore_regex=None, packages_select=['my_ros2nmea'], packages_select_build_failed=False, packages_select_by_dep=None, packages_select_regex=None, packages_select_test_failures=False, packages_skip=None, packages_skip_build_finished=False, packages_skip_by_dep=None, packages_skip_regex=None, packages_skip_test_passed=False, packages_skip_up_to=None, packages_start=None, packages_up_to=None, packages_up_to_regex=None, parallel_workers=6, paths=None, symlink_install=True, test_result_base=None, verb_extension=<colcon_core.verb.build.BuildVerb object at 0x7f94256413a0>, verb_name='build', verb_parser=<colcon_defaults.argument_parser.defaults.DefaultArgumentsDecorator object at 0x7f942565dd60>)
[2.306s] Level 1:colcon.colcon_core.package_discovery:discover_packages(colcon_meta) check parameters
[2.306s] Level 1:colcon.colcon_core.package_discovery:discover_packages(recursive) check parameters
[2.306s] Level 1:colcon.colcon_core.package_discovery:discover_packages(ignore) check parameters
[2.306s] Level 1:colcon.colcon_core.package_discovery:discover_packages(path) check parameters
[2.306s] Level 1:colcon.colcon_core.package_discovery:discover_packages(colcon_meta) discover
[2.307s] Level 1:colcon.colcon_core.package_discovery:discover_packages(recursive) discover
[2.307s] INFO:colcon.colcon_core.package_discovery:Crawling recursively for packages in '/home/hyeeun/ros2_nmea'
[2.307s] Level 1:colcon.colcon_core.package_identification:_identify(.) by extensions ['ignore', 'ignore_ament_install']
[2.307s] Level 1:colcon.colcon_core.package_identification:_identify(.) by extension 'ignore'
[2.307s] Level 1:colcon.colcon_core.package_identification:_identify(.) by extension 'ignore_ament_install'
[2.307s] Level 1:colcon.colcon_core.package_identification:_identify(.) by extensions ['colcon_pkg']
[2.307s] Level 1:colcon.colcon_core.package_identification:_identify(.) by extension 'colcon_pkg'
[2.307s] Level 1:colcon.colcon_core.package_identification:_identify(.) by extensions ['colcon_meta']
[2.307s] Level 1:colcon.colcon_core.package_identification:_identify(.) by extension 'colcon_meta'
[2.307s] Level 1:colcon.colcon_core.package_identification:_identify(.) by extensions ['ros']
[2.307s] Level 1:colcon.colcon_core.package_identification:_identify(.) by extension 'ros'
[2.317s] Level 1:colcon.colcon_core.package_identification:_identify(.) by extensions ['cmake', 'python']
[2.317s] Level 1:colcon.colcon_core.package_identification:_identify(.) by extension 'cmake'
[2.317s] Level 1:colcon.colcon_core.package_identification:_identify(.) by extension 'python'
[2.317s] Level 1:colcon.colcon_core.package_identification:_identify(.) by extensions ['python_setup_py']
[2.317s] Level 1:colcon.colcon_core.package_identification:_identify(.) by extension 'python_setup_py'
[2.317s] Level 1:colcon.colcon_core.package_identification:_identify(build) by extensions ['ignore', 'ignore_ament_install']
[2.317s] Level 1:colcon.colcon_core.package_identification:_identify(build) by extension 'ignore'
[2.317s] Level 1:colcon.colcon_core.package_identification:_identify(build) ignored
[2.317s] Level 1:colcon.colcon_core.package_identification:_identify(install) by extensions ['ignore', 'ignore_ament_install']
[2.317s] Level 1:colcon.colcon_core.package_identification:_identify(install) by extension 'ignore'
[2.317s] Level 1:colcon.colcon_core.package_identification:_identify(install) ignored
[2.317s] Level 1:colcon.colcon_core.package_identification:_identify(log) by extensions ['ignore', 'ignore_ament_install']
[2.317s] Level 1:colcon.colcon_core.package_identification:_identify(log) by extension 'ignore'
[2.317s] Level 1:colcon.colcon_core.package_identification:_identify(log) ignored
[2.318s] Level 1:colcon.colcon_core.package_identification:_identify(src) by extensions ['ignore', 'ignore_ament_install']
[2.318s] Level 1:colcon.colcon_core.package_identification:_identify(src) by extension 'ignore'
[2.318s] Level 1:colcon.colcon_core.package_identification:_identify(src) by extension 'ignore_ament_install'
[2.318s] Level 1:colcon.colcon_core.package_identification:_identify(src) by extensions ['colcon_pkg']
[2.318s] Level 1:colcon.colcon_core.package_identification:_identify(src) by extension 'colcon_pkg'
[2.318s] Level 1:colcon.colcon_core.package_identification:_identify(src) by extensions ['colcon_meta']
[2.318s] Level 1:colcon.colcon_core.package_identification:_identify(src) by extension 'colcon_meta'
[2.318s] Level 1:colcon.colcon_core.package_identification:_identify(src) by extensions ['ros']
[2.318s] Level 1:colcon.colcon_core.package_identification:_identify(src) by extension 'ros'
[2.318s] Level 1:colcon.colcon_core.package_identification:_identify(src) by extensions ['cmake', 'python']
[2.318s] Level 1:colcon.colcon_core.package_identification:_identify(src) by extension 'cmake'
[2.318s] Level 1:colcon.colcon_core.package_identification:_identify(src) by extension 'python'
[2.318s] Level 1:colcon.colcon_core.package_identification:_identify(src) by extensions ['python_setup_py']
[2.318s] Level 1:colcon.colcon_core.package_identification:_identify(src) by extension 'python_setup_py'
[2.318s] Level 1:colcon.colcon_core.package_identification:_identify(src/my_ros2nmea) by extensions ['ignore', 'ignore_ament_install']
[2.318s] Level 1:colcon.colcon_core.package_identification:_identify(src/my_ros2nmea) by extension 'ignore'
[2.318s] Level 1:colcon.colcon_core.package_identification:_identify(src/my_ros2nmea) by extension 'ignore_ament_install'
[2.318s] Level 1:colcon.colcon_core.package_identification:_identify(src/my_ros2nmea) by extensions ['colcon_pkg']
[2.318s] Level 1:colcon.colcon_core.package_identification:_identify(src/my_ros2nmea) by extension 'colcon_pkg'
[2.318s] Level 1:colcon.colcon_core.package_identification:_identify(src/my_ros2nmea) by extensions ['colcon_meta']
[2.318s] Level 1:colcon.colcon_core.package_identification:_identify(src/my_ros2nmea) by extension 'colcon_meta'
[2.319s] Level 1:colcon.colcon_core.package_identification:_identify(src/my_ros2nmea) by extensions ['ros']
[2.319s] Level 1:colcon.colcon_core.package_identification:_identify(src/my_ros2nmea) by extension 'ros'
[2.321s] DEBUG:colcon.colcon_core.package_identification:Package 'src/my_ros2nmea' with type 'ros.ament_python' and name 'my_ros2nmea'
[2.321s] Level 1:colcon.colcon_core.package_discovery:discover_packages(recursive) using defaults
[2.321s] Level 1:colcon.colcon_core.package_discovery:discover_packages(ignore) discover
[2.321s] Level 1:colcon.colcon_core.package_discovery:discover_packages(ignore) using defaults
[2.321s] Level 1:colcon.colcon_core.package_discovery:discover_packages(path) discover
[2.321s] Level 1:colcon.colcon_core.package_discovery:discover_packages(path) using defaults
[2.520s] Level 1:colcon.colcon_core.package_discovery:discover_packages(prefix_path) check parameters
[2.521s] Level 1:colcon.colcon_core.package_discovery:discover_packages(prefix_path) discover
[2.596s] DEBUG:colcon.colcon_installed_package_information.package_discovery:Found 1 installed packages in /home/hyeeun/robot_ws/install
[2.634s] DEBUG:colcon.colcon_installed_package_information.package_discovery:Found 265 installed packages in /opt/ros/foxy
[2.635s] Level 1:colcon.colcon_core.package_discovery:discover_packages(prefix_path) using defaults
[2.788s] Level 5:colcon.colcon_core.verb:set package 'my_ros2nmea' build argument 'cmake_args' from command line to 'None'
[2.788s] Level 5:colcon.colcon_core.verb:set package 'my_ros2nmea' build argument 'cmake_target' from command line to 'None'
[2.788s] Level 5:colcon.colcon_core.verb:set package 'my_ros2nmea' build argument 'cmake_target_skip_unavailable' from command line to 'False'
[2.788s] Level 5:colcon.colcon_core.verb:set package 'my_ros2nmea' build argument 'cmake_clean_cache' from command line to 'False'
[2.788s] Level 5:colcon.colcon_core.verb:set package 'my_ros2nmea' build argument 'cmake_clean_first' from command line to 'False'
[2.788s] Level 5:colcon.colcon_core.verb:set package 'my_ros2nmea' build argument 'cmake_force_configure' from command line to 'False'
[2.788s] Level 5:colcon.colcon_core.verb:set package 'my_ros2nmea' build argument 'ament_cmake_args' from command line to 'None'
[2.788s] Level 5:colcon.colcon_core.verb:set package 'my_ros2nmea' build argument 'catkin_cmake_args' from command line to 'None'
[2.788s] Level 5:colcon.colcon_core.verb:set package 'my_ros2nmea' build argument 'catkin_skip_building_tests' from command line to 'False'
[2.788s] DEBUG:colcon.colcon_core.verb:Building package 'my_ros2nmea' with the following arguments: {'ament_cmake_args': None, 'build_base': '/home/hyeeun/ros2_nmea/build/my_ros2nmea', 'catkin_cmake_args': None, 'catkin_skip_building_tests': False, 'cmake_args': None, 'cmake_clean_cache': False, 'cmake_clean_first': False, 'cmake_force_configure': False, 'cmake_target': None, 'cmake_target_skip_unavailable': False, 'install_base': '/home/hyeeun/ros2_nmea/install/my_ros2nmea', 'merge_install': False, 'path': '/home/hyeeun/ros2_nmea/src/my_ros2nmea', 'symlink_install': True, 'test_result_base': None}
[2.825s] INFO:colcon.colcon_core.executor:Executing jobs using 'parallel' executor
[2.862s] DEBUG:colcon.colcon_parallel_executor.executor.parallel:run_until_complete
[2.863s] INFO:colcon.colcon_ros.task.ament_python.build:Building ROS package in '/home/hyeeun/ros2_nmea/src/my_ros2nmea' with build type 'ament_python'
[2.863s] Level 1:colcon.colcon_core.shell:create_environment_hook('my_ros2nmea', 'ament_prefix_path')
[2.902s] INFO:colcon.colcon_core.plugin_system:Skipping extension 'colcon_core.shell.bat': Not used on non-Windows systems
[2.903s] INFO:colcon.colcon_core.shell:Creating environment hook '/home/hyeeun/ros2_nmea/install/my_ros2nmea/share/my_ros2nmea/hook/ament_prefix_path.ps1'
[2.903s] INFO:colcon.colcon_core.shell:Creating environment descriptor '/home/hyeeun/ros2_nmea/install/my_ros2nmea/share/my_ros2nmea/hook/ament_prefix_path.dsv'
[2.903s] INFO:colcon.colcon_core.shell:Creating environment hook '/home/hyeeun/ros2_nmea/install/my_ros2nmea/share/my_ros2nmea/hook/ament_prefix_path.sh'
[2.941s] INFO:colcon.colcon_core.shell:Skip shell extension 'powershell' for command environment: Not usable outside of PowerShell
[2.941s] DEBUG:colcon.colcon_core.shell:Skip shell extension 'dsv' for command environment
[3.264s] INFO:colcon.colcon_core.task.python.build:Building Python package in '/home/hyeeun/ros2_nmea/src/my_ros2nmea'
[3.304s] INFO:colcon.colcon_core.shell:Skip shell extension 'powershell' for command environment: Not usable outside of PowerShell
[3.305s] DEBUG:colcon.colcon_core.shell:Skip shell extension 'dsv' for command environment
[3.763s] DEBUG:colcon.colcon_core.task.python.build:While undoing a previous installation files outside the Python library path are being ignored: /home/hyeeun/ros2_nmea/install/my_ros2nmea/share/ament_index/resource_index/packages/my_ros2nmea
[3.764s] DEBUG:colcon.colcon_core.task.python.build:While undoing a previous installation files outside the Python library path are being ignored: /home/hyeeun/ros2_nmea/install/my_ros2nmea/share/my_ros2nmea/package.xml
[3.764s] DEBUG:colcon.colcon_core.task.python.build:While undoing a previous installation files outside the Python library path are being ignored: /home/hyeeun/ros2_nmea/install/my_ros2nmea/lib/my_ros2nmea/pub
[3.764s] DEBUG:colcon.colcon_core.task.python.build:While undoing a previous installation files outside the Python library path are being ignored: /home/hyeeun/ros2_nmea/install/my_ros2nmea/lib/my_ros2nmea/sub
[3.767s] DEBUG:colcon.colcon_core.event_handler.log_command:Invoking command in '/home/hyeeun/ros2_nmea/build/my_ros2nmea': PYTHONPATH=/home/hyeeun/ros2_nmea/build/my_ros2nmea/prefix_override:/home/hyeeun/ros2_nmea/install/my_ros2nmea/lib/python3.8/site-packages:${PYTHONPATH} /usr/bin/python3 setup.py develop --editable --build-directory /home/hyeeun/ros2_nmea/build/my_ros2nmea/build --no-deps install_data
[4.203s] Level 1:colcon.colcon_core.shell:create_environment_hook('my_ros2nmea', 'pythonpath_develop')
[4.203s] DEBUG:colcon.colcon_core.event_handler.log_command:Invoked command in '/home/hyeeun/ros2_nmea/build/my_ros2nmea' returned '0': PYTHONPATH=/home/hyeeun/ros2_nmea/build/my_ros2nmea/prefix_override:/home/hyeeun/ros2_nmea/install/my_ros2nmea/lib/python3.8/site-packages:${PYTHONPATH} /usr/bin/python3 setup.py develop --editable --build-directory /home/hyeeun/ros2_nmea/build/my_ros2nmea/build --no-deps install_data
[4.242s] INFO:colcon.colcon_core.shell:Creating environment hook '/home/hyeeun/ros2_nmea/build/my_ros2nmea/share/my_ros2nmea/hook/pythonpath_develop.ps1'
[4.243s] INFO:colcon.colcon_core.shell:Creating environment descriptor '/home/hyeeun/ros2_nmea/build/my_ros2nmea/share/my_ros2nmea/hook/pythonpath_develop.dsv'
[4.243s] INFO:colcon.colcon_core.shell:Creating environment hook '/home/hyeeun/ros2_nmea/build/my_ros2nmea/share/my_ros2nmea/hook/pythonpath_develop.sh'
[4.283s] Level 1:colcon.colcon_core.environment:checking '/home/hyeeun/ros2_nmea/install/my_ros2nmea' for CMake module files
[4.284s] Level 1:colcon.colcon_core.environment:checking '/home/hyeeun/ros2_nmea/install/my_ros2nmea' for CMake config files
[4.284s] Level 1:colcon.colcon_core.environment:checking '/home/hyeeun/ros2_nmea/install/my_ros2nmea/lib'
[4.284s] Level 1:colcon.colcon_core.environment:checking '/home/hyeeun/ros2_nmea/install/my_ros2nmea/bin'
[4.284s] Level 1:colcon.colcon_core.environment:checking '/home/hyeeun/ros2_nmea/install/my_ros2nmea/lib/pkgconfig/my_ros2nmea.pc'
[4.285s] Level 1:colcon.colcon_core.environment:checking '/home/hyeeun/ros2_nmea/install/my_ros2nmea/lib/python3.8/site-packages'
[4.285s] Level 1:colcon.colcon_core.shell:create_environment_hook('my_ros2nmea', 'pythonpath')
[4.323s] INFO:colcon.colcon_core.shell:Creating environment hook '/home/hyeeun/ros2_nmea/install/my_ros2nmea/share/my_ros2nmea/hook/pythonpath.ps1'
[4.323s] INFO:colcon.colcon_core.shell:Creating environment descriptor '/home/hyeeun/ros2_nmea/install/my_ros2nmea/share/my_ros2nmea/hook/pythonpath.dsv'
[4.323s] INFO:colcon.colcon_core.shell:Creating environment hook '/home/hyeeun/ros2_nmea/install/my_ros2nmea/share/my_ros2nmea/hook/pythonpath.sh'
[4.324s] Level 1:colcon.colcon_core.environment:checking '/home/hyeeun/ros2_nmea/install/my_ros2nmea/bin'
[4.324s] Level 1:colcon.colcon_core.environment:create_environment_scripts_only(my_ros2nmea)
[4.362s] INFO:colcon.colcon_core.shell:Creating package script '/home/hyeeun/ros2_nmea/install/my_ros2nmea/share/my_ros2nmea/package.ps1'
[4.362s] INFO:colcon.colcon_core.shell:Creating package descriptor '/home/hyeeun/ros2_nmea/install/my_ros2nmea/share/my_ros2nmea/package.dsv'
[4.363s] INFO:colcon.colcon_core.shell:Creating package script '/home/hyeeun/ros2_nmea/install/my_ros2nmea/share/my_ros2nmea/package.sh'
[4.364s] INFO:colcon.colcon_core.shell:Creating package script '/home/hyeeun/ros2_nmea/install/my_ros2nmea/share/my_ros2nmea/package.bash'
[4.364s] INFO:colcon.colcon_core.shell:Creating package script '/home/hyeeun/ros2_nmea/install/my_ros2nmea/share/my_ros2nmea/package.zsh'
[4.365s] Level 1:colcon.colcon_core.environment:create_file_with_runtime_dependencies(/home/hyeeun/ros2_nmea/install/my_ros2nmea/share/colcon-core/packages/my_ros2nmea)
[4.365s] DEBUG:colcon.colcon_parallel_executor.executor.parallel:closing loop
[4.365s] DEBUG:colcon.colcon_parallel_executor.executor.parallel:loop closed
[4.365s] DEBUG:colcon.colcon_parallel_executor.executor.parallel:run_until_complete finished with '0'
[4.366s] DEBUG:colcon.colcon_core.event_reactor:joining thread
[4.408s] INFO:colcon.colcon_core.plugin_system:Skipping extension 'colcon_notification.desktop_notification.terminal_notifier': Not used on non-Darwin systems
[4.408s] INFO:colcon.colcon_core.plugin_system:Skipping extension 'colcon_notification.desktop_notification.win32': Not used on non-Windows systems
[4.408s] INFO:colcon.colcon_notification.desktop_notification:Sending desktop notification using 'notify2'
[4.420s] DEBUG:colcon.colcon_core.event_reactor:joined thread
[4.460s] INFO:colcon.colcon_core.shell:Creating prefix script '/home/hyeeun/ros2_nmea/install/local_setup.ps1'
[4.461s] INFO:colcon.colcon_core.shell:Creating prefix util module '/home/hyeeun/ros2_nmea/install/_local_setup_util_ps1.py'
[4.462s] INFO:colcon.colcon_core.shell:Creating prefix chain script '/home/hyeeun/ros2_nmea/install/setup.ps1'
[4.502s] INFO:colcon.colcon_core.shell:Creating prefix script '/home/hyeeun/ros2_nmea/install/local_setup.sh'
[4.503s] INFO:colcon.colcon_core.shell:Creating prefix util module '/home/hyeeun/ros2_nmea/install/_local_setup_util_sh.py'
[4.503s] INFO:colcon.colcon_core.shell:Creating prefix chain script '/home/hyeeun/ros2_nmea/install/setup.sh'
[4.543s] INFO:colcon.colcon_core.shell:Creating prefix script '/home/hyeeun/ros2_nmea/install/local_setup.bash'
[4.543s] INFO:colcon.colcon_core.shell:Creating prefix chain script '/home/hyeeun/ros2_nmea/install/setup.bash'
[4.583s] INFO:colcon.colcon_core.shell:Creating prefix script '/home/hyeeun/ros2_nmea/install/local_setup.zsh'
[4.584s] INFO:colcon.colcon_core.shell:Creating prefix chain script '/home/hyeeun/ros2_nmea/install/setup.zsh'
