[0.906s] Invoking command in '/home/hyeeun/ros2_nmea/build/my_ros2nmea': PYTHONPATH=/home/hyeeun/ros2_nmea/build/my_ros2nmea/prefix_override:/home/hyeeun/ros2_nmea/install/my_ros2nmea/lib/python3.8/site-packages:${PYTHONPATH} /usr/bin/python3 setup.py develop --uninstall --editable --build-directory /home/hyeeun/ros2_nmea/build/my_ros2nmea/build
[1.115s] running develop
[1.244s] Removing /home/hyeeun/ros2_nmea/install/my_ros2nmea/lib/python3.8/site-packages/my-ros2nmea.egg-link (link to .)
[1.262s] Invoked command in '/home/hyeeun/ros2_nmea/build/my_ros2nmea' returned '0': PYTHONPATH=/home/hyeeun/ros2_nmea/build/my_ros2nmea/prefix_override:/home/hyeeun/ros2_nmea/install/my_ros2nmea/lib/python3.8/site-packages:${PYTHONPATH} /usr/bin/python3 setup.py develop --uninstall --editable --build-directory /home/hyeeun/ros2_nmea/build/my_ros2nmea/build
[1.263s] Invoking command in '/home/hyeeun/ros2_nmea/src/my_ros2nmea': PYTHONPATH=/home/hyeeun/ros2_nmea/build/my_ros2nmea/prefix_override:/home/hyeeun/ros2_nmea/install/my_ros2nmea/lib/python3.8/site-packages:${PYTHONPATH} /usr/bin/python3 setup.py egg_info --egg-base ../../build/my_ros2nmea build --build-base /home/hyeeun/ros2_nmea/build/my_ros2nmea/build install --record /home/hyeeun/ros2_nmea/build/my_ros2nmea/install.log --install-scripts $base/lib/my_ros2nmea --single-version-externally-managed
[1.457s] running egg_info
[1.457s] writing ../../build/my_ros2nmea/my_ros2nmea.egg-info/PKG-INFO
[1.458s] writing dependency_links to ../../build/my_ros2nmea/my_ros2nmea.egg-info/dependency_links.txt
[1.458s] writing entry points to ../../build/my_ros2nmea/my_ros2nmea.egg-info/entry_points.txt
[1.458s] writing requirements to ../../build/my_ros2nmea/my_ros2nmea.egg-info/requires.txt
[1.458s] writing top-level names to ../../build/my_ros2nmea/my_ros2nmea.egg-info/top_level.txt
[1.487s] package init file 'my_ros2nmea/__init__.py' not found (or not a regular file)
[1.488s] reading manifest file '../../build/my_ros2nmea/my_ros2nmea.egg-info/SOURCES.txt'
[1.489s] writing manifest file '../../build/my_ros2nmea/my_ros2nmea.egg-info/SOURCES.txt'
[1.489s] running build
[1.489s] running build_py
[1.489s] copying my_ros2nmea/sub.py -> /home/hyeeun/ros2_nmea/build/my_ros2nmea/build/lib/my_ros2nmea
[1.489s] copying my_ros2nmea/pub.py -> /home/hyeeun/ros2_nmea/build/my_ros2nmea/build/lib/my_ros2nmea
[1.489s] running install
[1.490s] running install_lib
[1.490s] creating /home/hyeeun/ros2_nmea/install/my_ros2nmea/lib/python3.8/site-packages/my_ros2nmea
[1.491s] copying /home/hyeeun/ros2_nmea/build/my_ros2nmea/build/lib/my_ros2nmea/sub.py -> /home/hyeeun/ros2_nmea/install/my_ros2nmea/lib/python3.8/site-packages/my_ros2nmea
[1.491s] copying /home/hyeeun/ros2_nmea/build/my_ros2nmea/build/lib/my_ros2nmea/__init__.py -> /home/hyeeun/ros2_nmea/install/my_ros2nmea/lib/python3.8/site-packages/my_ros2nmea
[1.491s] copying /home/hyeeun/ros2_nmea/build/my_ros2nmea/build/lib/my_ros2nmea/pub.py -> /home/hyeeun/ros2_nmea/install/my_ros2nmea/lib/python3.8/site-packages/my_ros2nmea
[1.491s] byte-compiling /home/hyeeun/ros2_nmea/install/my_ros2nmea/lib/python3.8/site-packages/my_ros2nmea/sub.py to sub.cpython-38.pyc
[1.492s] byte-compiling /home/hyeeun/ros2_nmea/install/my_ros2nmea/lib/python3.8/site-packages/my_ros2nmea/__init__.py to __init__.cpython-38.pyc
[1.492s] byte-compiling /home/hyeeun/ros2_nmea/install/my_ros2nmea/lib/python3.8/site-packages/my_ros2nmea/pub.py to pub.cpython-38.pyc
[1.493s] running install_data
[1.493s] running install_egg_info
[1.494s] Copying ../../build/my_ros2nmea/my_ros2nmea.egg-info to /home/hyeeun/ros2_nmea/install/my_ros2nmea/lib/python3.8/site-packages/my_ros2nmea-0.0.0-py3.8.egg-info
[1.495s] running install_scripts
[1.509s] Installing pub script to /home/hyeeun/ros2_nmea/install/my_ros2nmea/lib/my_ros2nmea
[1.510s] Installing sub script to /home/hyeeun/ros2_nmea/install/my_ros2nmea/lib/my_ros2nmea
[1.510s] writing list of installed files to '/home/hyeeun/ros2_nmea/build/my_ros2nmea/install.log'
[1.526s] Invoked command in '/home/hyeeun/ros2_nmea/src/my_ros2nmea' returned '0': PYTHONPATH=/home/hyeeun/ros2_nmea/build/my_ros2nmea/prefix_override:/home/hyeeun/ros2_nmea/install/my_ros2nmea/lib/python3.8/site-packages:${PYTHONPATH} /usr/bin/python3 setup.py egg_info --egg-base ../../build/my_ros2nmea build --build-base /home/hyeeun/ros2_nmea/build/my_ros2nmea/build install --record /home/hyeeun/ros2_nmea/build/my_ros2nmea/install.log --install-scripts $base/lib/my_ros2nmea --single-version-externally-managed
